[dotenv@17.3.1] injecting env (11) from .env -- tip: 🛠️  run anywhere with `dotenvx run -- yourcommand`
Betopia Backend running on port 3002
Running monthly cleanup cycle checking for expirations...
Running monthly cleanup cycle checking for expirations...
Running monthly cleanup cycle checking for expirations...
Running monthly cleanup cycle checking for expirations...
Running monthly cleanup cycle checking for expirations...
Running monthly cleanup cycle checking for expirations...
Running monthly cleanup cycle checking for expirations...
Running monthly cleanup cycle checking for expirations...
Running monthly cleanup cycle checking for expirations...
Running monthly cleanup cycle checking for expirations...
Running monthly cleanup cycle checking for expirations...
Cleanup Error: {
  message: 'TypeError: fetch failed',
  details: 'TypeError: fetch failed\n' +
    '\n' +
    'Caused by: ConnectTimeoutError: Connect Timeout Error (attempted addresses: 172.64.149.246:443, 104.18.38.10:443, timeout: 10000ms) (UND_ERR_CONNECT_TIMEOUT)\n' +
    'ConnectTimeoutError: Connect Timeout Error (attempted addresses: 172.64.149.246:443, 104.18.38.10:443, timeout: 10000ms)\n' +
    '    at onConnectTimeout (node:internal/deps/undici/undici:1946:23)\n' +
    '    at Immediate._onImmediate (node:internal/deps/undici/undici:1927:11)\n' +
    '    at process.processImmediate (node:internal/timers:504:21)',
  hint: '',
  code: ''
}
Running monthly cleanup cycle checking for expirations...
Cleanup Error: {
  message: 'TypeError: fetch failed',
  details: 'TypeError: fetch failed\n' +
    '\n' +
    'Caused by: ConnectTimeoutError: Connect Timeout Error (attempted addresses: 172.64.149.246:443, 104.18.38.10:443, timeout: 10000ms) (UND_ERR_CONNECT_TIMEOUT)\n' +
    'ConnectTimeoutError: Connect Timeout Error (attempted addresses: 172.64.149.246:443, 104.18.38.10:443, timeout: 10000ms)\n' +
    '    at onConnectTimeout (node:internal/deps/undici/undici:1946:23)\n' +
    '    at Immediate._onImmediate (node:internal/deps/undici/undici:1927:11)\n' +
    '    at process.processImmediate (node:internal/timers:504:21)',
  hint: '',
  code: ''
}
Running monthly cleanup cycle checking for expirations...
Running monthly cleanup cycle checking for expirations...
Running monthly cleanup cycle checking for expirations...
Running monthly cleanup cycle checking for expirations...
Running monthly cleanup cycle checking for expirations...
Running monthly cleanup cycle checking for expirations...
Running monthly cleanup cycle checking for expirations...
Running monthly cleanup cycle checking for expirations...
Running monthly cleanup cycle checking for expirations...
Running monthly cleanup cycle checking for expirations...
Running monthly cleanup cycle checking for expirations...
Running monthly cleanup cycle checking for expirations...
Cleanup Error: {
  message: 'TypeError: fetch failed',
  details: 'TypeError: fetch failed\n' +
    '\n' +
    'Caused by: ConnectTimeoutError: Connect Timeout Error (attempted addresses: 172.64.149.246:443, 104.18.38.10:443, timeout: 10000ms) (UND_ERR_CONNECT_TIMEOUT)\n' +
    'ConnectTimeoutError: Connect Timeout Error (attempted addresses: 172.64.149.246:443, 104.18.38.10:443, timeout: 10000ms)\n' +
    '    at onConnectTimeout (node:internal/deps/undici/undici:1946:23)\n' +
    '    at Immediate._onImmediate (node:internal/deps/undici/undici:1927:11)\n' +
    '    at process.processImmediate (node:internal/timers:504:21)',
  hint: '',
  code: ''
}
Running monthly cleanup cycle checking for expirations...
Cleanup Error: {
  message: 'TypeError: fetch failed',
  details: 'TypeError: fetch failed\n' +
    '\n' +
    'Caused by: ConnectTimeoutError: Connect Timeout Error (attempted address: lyzjtjawcqwotnajwrrr.supabase.co:443, timeout: 10000ms) (UND_ERR_CONNECT_TIMEOUT)\n' +
    'ConnectTimeoutError: Connect Timeout Error (attempted address: lyzjtjawcqwotnajwrrr.supabase.co:443, timeout: 10000ms)\n' +
    '    at onConnectTimeout (node:internal/deps/undici/undici:1946:23)\n' +
    '    at Immediate._onImmediate (node:internal/deps/undici/undici:1927:11)\n' +
    '    at process.processImmediate (node:internal/timers:504:21)',
  hint: '',
  code: ''
}
Running monthly cleanup cycle checking for expirations...
Cleanup Error: {
  message: 'TypeError: fetch failed',
  details: 'TypeError: fetch failed\n' +
    '\n' +
    'Caused by: Error: getaddrinfo ENOTFOUND lyzjtjawcqwotnajwrrr.supabase.co (ENOTFOUND)\n' +
    'Error: getaddrinfo ENOTFOUND lyzjtjawcqwotnajwrrr.supabase.co\n' +
    '    at GetAddrInfoReqWrap.onlookupall [as oncomplete] (node:dns:122:26)',
  hint: '',
  code: ''
}
Running monthly cleanup cycle checking for expirations...
Running monthly cleanup cycle checking for expirations...
Running monthly cleanup cycle checking for expirations...
Running monthly cleanup cycle checking for expirations...
Running monthly cleanup cycle checking for expirations...
Running monthly cleanup cycle checking for expirations...
Running monthly cleanup cycle checking for expirations...
Running monthly cleanup cycle checking for expirations...
Running monthly cleanup cycle checking for expirations...
Running monthly cleanup cycle checking for expirations...
Running monthly cleanup cycle checking for expirations...
Running monthly cleanup cycle checking for expirations...
Running monthly cleanup cycle checking for expirations...
Running monthly cleanup cycle checking for expirations...
Running monthly cleanup cycle checking for expirations...
Running monthly cleanup cycle checking for expirations...
Running monthly cleanup cycle checking for expirations...
Running monthly cleanup cycle checking for expirations...
Running monthly cleanup cycle checking for expirations...
Running monthly cleanup cycle checking for expirations...
Running monthly cleanup cycle checking for expirations...
Cleanup Error: {
  message: 'TypeError: fetch failed',
  details: 'TypeError: fetch failed\n' +
    '\n' +
    'Caused by: ConnectTimeoutError: Connect Timeout Error (attempted addresses: 172.64.149.246:443, 104.18.38.10:443, timeout: 10000ms) (UND_ERR_CONNECT_TIMEOUT)\n' +
    'ConnectTimeoutError: Connect Timeout Error (attempted addresses: 172.64.149.246:443, 104.18.38.10:443, timeout: 10000ms)\n' +
    '    at onConnectTimeout (node:internal/deps/undici/undici:1946:23)\n' +
    '    at Immediate._onImmediate (node:internal/deps/undici/undici:1927:11)\n' +
    '    at process.processImmediate (node:internal/timers:504:21)',
  hint: '',
  code: ''
}
Running monthly cleanup cycle checking for expirations...
Cleanup Error: {
  message: 'TypeError: fetch failed',
  details: 'TypeError: fetch failed\n' +
    '\n' +
    'Caused by: ConnectTimeoutError: Connect Timeout Error (attempted addresses: 172.64.149.246:443, 104.18.38.10:443, timeout: 10000ms) (UND_ERR_CONNECT_TIMEOUT)\n' +
    'ConnectTimeoutError: Connect Timeout Error (attempted addresses: 172.64.149.246:443, 104.18.38.10:443, timeout: 10000ms)\n' +
    '    at onConnectTimeout (node:internal/deps/undici/undici:1946:23)\n' +
    '    at Immediate._onImmediate (node:internal/deps/undici/undici:1927:11)\n' +
    '    at process.processImmediate (node:internal/timers:504:21)',
  hint: '',
  code: ''
}
Running monthly cleanup cycle checking for expirations...
Cleanup Error: {
  message: 'TypeError: fetch failed',
  details: 'TypeError: fetch failed\n' +
    '\n' +
    'Caused by: ConnectTimeoutError: Connect Timeout Error (attempted addresses: 172.64.149.246:443, 104.18.38.10:443, timeout: 10000ms) (UND_ERR_CONNECT_TIMEOUT)\n' +
    'ConnectTimeoutError: Connect Timeout Error (attempted addresses: 172.64.149.246:443, 104.18.38.10:443, timeout: 10000ms)\n' +
    '    at onConnectTimeout (node:internal/deps/undici/undici:1946:23)\n' +
    '    at Immediate._onImmediate (node:internal/deps/undici/undici:1927:11)\n' +
    '    at process.processImmediate (node:internal/timers:504:21)',
  hint: '',
  code: ''
}
Running monthly cleanup cycle checking for expirations...
Running monthly cleanup cycle checking for expirations...
Running monthly cleanup cycle checking for expirations...
Running monthly cleanup cycle checking for expirations...
Running monthly cleanup cycle checking for expirations...
Running monthly cleanup cycle checking for expirations...
Running monthly cleanup cycle checking for expirations...
Running monthly cleanup cycle checking for expirations...
Running monthly cleanup cycle checking for expirations...
Running monthly cleanup cycle checking for expirations...
Running monthly cleanup cycle checking for expirations...
Running monthly cleanup cycle checking for expirations...
Running monthly cleanup cycle checking for expirations...
Running monthly cleanup cycle checking for expirations...
Running monthly cleanup cycle checking for expirations...
Running monthly cleanup cycle checking for expirations...
Running monthly cleanup cycle checking for expirations...
Running monthly cleanup cycle checking for expirations...
Cleanup Error: {
  message: 'TypeError: fetch failed',
  details: 'TypeError: fetch failed\n' +
    '\n' +
    'Caused by: ConnectTimeoutError: Connect Timeout Error (attempted addresses: 172.64.149.246:443, 104.18.38.10:443, timeout: 10000ms) (UND_ERR_CONNECT_TIMEOUT)\n' +
    'ConnectTimeoutError: Connect Timeout Error (attempted addresses: 172.64.149.246:443, 104.18.38.10:443, timeout: 10000ms)\n' +
    '    at onConnectTimeout (node:internal/deps/undici/undici:1946:23)\n' +
    '    at Immediate._onImmediate (node:internal/deps/undici/undici:1927:11)\n' +
    '    at process.processImmediate (node:internal/timers:504:21)',
  hint: '',
  code: ''
}
Running monthly cleanup cycle checking for expirations...
Running monthly cleanup cycle checking for expirations...
Running monthly cleanup cycle checking for expirations...
Running monthly cleanup cycle checking for expirations...
Running monthly cleanup cycle checking for expirations...
Running monthly cleanup cycle checking for expirations...
Running monthly cleanup cycle checking for expirations...
Running monthly cleanup cycle checking for expirations...
Running monthly cleanup cycle checking for expirations...
Running monthly cleanup cycle checking for expirations...
Running monthly cleanup cycle checking for expirations...
Running monthly cleanup cycle checking for expirations...
Running monthly cleanup cycle checking for expirations...
Running monthly cleanup cycle checking for expirations...
Cleanup Error: {
  message: 'TypeError: fetch failed',
  details: 'TypeError: fetch failed\n' +
    '\n' +
    'Caused by: ConnectTimeoutError: Connect Timeout Error (attempted addresses: 172.64.149.246:443, 104.18.38.10:443, timeout: 10000ms) (UND_ERR_CONNECT_TIMEOUT)\n' +
    'ConnectTimeoutError: Connect Timeout Error (attempted addresses: 172.64.149.246:443, 104.18.38.10:443, timeout: 10000ms)\n' +
    '    at onConnectTimeout (node:internal/deps/undici/undici:1946:23)\n' +
    '    at Immediate._onImmediate (node:internal/deps/undici/undici:1927:11)\n' +
    '    at process.processImmediate (node:internal/timers:504:21)',
  hint: '',
  code: ''
}
Running monthly cleanup cycle checking for expirations...
Running monthly cleanup cycle checking for expirations...
Running monthly cleanup cycle checking for expirations...
Running monthly cleanup cycle checking for expirations...
Cleanup Error: {
  message: 'TypeError: fetch failed',
  details: 'TypeError: fetch failed\n' +
    '\n' +
    'Caused by: ConnectTimeoutError: Connect Timeout Error (attempted addresses: 104.18.38.10:443, 172.64.149.246:443, timeout: 10000ms) (UND_ERR_CONNECT_TIMEOUT)\n' +
    'ConnectTimeoutError: Connect Timeout Error (attempted addresses: 104.18.38.10:443, 172.64.149.246:443, timeout: 10000ms)\n' +
    '    at onConnectTimeout (node:internal/deps/undici/undici:1946:23)\n' +
    '    at Immediate._onImmediate (node:internal/deps/undici/undici:1927:11)\n' +
    '    at process.processImmediate (node:internal/timers:504:21)',
  hint: '',
  code: ''
}
Running monthly cleanup cycle checking for expirations...
Cleanup Error: {
  message: 'TypeError: fetch failed',
  details: 'TypeError: fetch failed\n' +
    '\n' +
    'Caused by: ConnectTimeoutError: Connect Timeout Error (attempted addresses: 104.18.38.10:443, 172.64.149.246:443, timeout: 10000ms) (UND_ERR_CONNECT_TIMEOUT)\n' +
    'ConnectTimeoutError: Connect Timeout Error (attempted addresses: 104.18.38.10:443, 172.64.149.246:443, timeout: 10000ms)\n' +
    '    at onConnectTimeout (node:internal/deps/undici/undici:1946:23)\n' +
    '    at Immediate._onImmediate (node:internal/deps/undici/undici:1927:11)\n' +
    '    at process.processImmediate (node:internal/timers:504:21)',
  hint: '',
  code: ''
}
Running monthly cleanup cycle checking for expirations...
Running monthly cleanup cycle checking for expirations...
Running monthly cleanup cycle checking for expirations...
Running monthly cleanup cycle checking for expirations...
Running monthly cleanup cycle checking for expirations...
Running monthly cleanup cycle checking for expirations...
Running monthly cleanup cycle checking for expirations...
Running monthly cleanup cycle checking for expirations...
Running monthly cleanup cycle checking for expirations...
Running monthly cleanup cycle checking for expirations...
Running monthly cleanup cycle checking for expirations...
Running monthly cleanup cycle checking for expirations...
Running monthly cleanup cycle checking for expirations...
Running monthly cleanup cycle checking for expirations...
Running monthly cleanup cycle checking for expirations...
Running monthly cleanup cycle checking for expirations...
Running monthly cleanup cycle checking for expirations...
Cleanup Error: {
  message: 'TypeError: fetch failed',
  details: 'TypeError: fetch failed\n' +
    '\n' +
    'Caused by: ConnectTimeoutError: Connect Timeout Error (attempted addresses: 172.64.149.246:443, 104.18.38.10:443, timeout: 10000ms) (UND_ERR_CONNECT_TIMEOUT)\n' +
    'ConnectTimeoutError: Connect Timeout Error (attempted addresses: 172.64.149.246:443, 104.18.38.10:443, timeout: 10000ms)\n' +
    '    at onConnectTimeout (node:internal/deps/undici/undici:1946:23)\n' +
    '    at Immediate._onImmediate (node:internal/deps/undici/undici:1927:11)\n' +
    '    at process.processImmediate (node:internal/timers:504:21)',
  hint: '',
  code: ''
}
Running monthly cleanup cycle checking for expirations...
Running monthly cleanup cycle checking for expirations...
Running monthly cleanup cycle checking for expirations...
Running monthly cleanup cycle checking for expirations...
Running monthly cleanup cycle checking for expirations...
Running monthly cleanup cycle checking for expirations...
Cleanup Error: {
  message: 'TypeError: fetch failed',
  details: 'TypeError: fetch failed\n' +
    '\n' +
    'Caused by: ConnectTimeoutError: Connect Timeout Error (attempted address: lyzjtjawcqwotnajwrrr.supabase.co:443, timeout: 10000ms) (UND_ERR_CONNECT_TIMEOUT)\n' +
    'ConnectTimeoutError: Connect Timeout Error (attempted address: lyzjtjawcqwotnajwrrr.supabase.co:443, timeout: 10000ms)\n' +
    '    at onConnectTimeout (node:internal/deps/undici/undici:1946:23)\n' +
    '    at Immediate._onImmediate (node:internal/deps/undici/undici:1927:11)\n' +
    '    at process.processImmediate (node:internal/timers:504:21)',
  hint: '',
  code: ''
}
Running monthly cleanup cycle checking for expirations...
[2026-04-25T10:34:34.019Z] [PID: 3052] [32m[NODE-CRON][32m [33m[WARN][0m missed execution at Sat Apr 25 2026 13:32:00 GMT+0300 (East Africa Time)! Possible blocking IO or high CPU user at the same process used by node-cron.
[2026-04-25T10:34:34.157Z] [PID: 3052] [32m[NODE-CRON][32m [33m[WARN][0m missed execution at Sat Apr 25 2026 13:33:00 GMT+0300 (East Africa Time)! Possible blocking IO or high CPU user at the same process used by node-cron.
[2026-04-25T10:34:34.484Z] [PID: 3052] [32m[NODE-CRON][32m [33m[WARN][0m missed execution at Sat Apr 25 2026 13:34:00 GMT+0300 (East Africa Time)! Possible blocking IO or high CPU user at the same process used by node-cron.
Running monthly cleanup cycle checking for expirations...
[2026-04-25T10:38:52.535Z] [PID: 3052] [32m[NODE-CRON][32m [33m[WARN][0m missed execution at Sat Apr 25 2026 13:36:00 GMT+0300 (East Africa Time)! Possible blocking IO or high CPU user at the same process used by node-cron.
[2026-04-25T10:38:52.542Z] [PID: 3052] [32m[NODE-CRON][32m [33m[WARN][0m missed execution at Sat Apr 25 2026 13:37:00 GMT+0300 (East Africa Time)! Possible blocking IO or high CPU user at the same process used by node-cron.
[2026-04-25T10:38:52.549Z] [PID: 3052] [32m[NODE-CRON][32m [33m[WARN][0m missed execution at Sat Apr 25 2026 13:38:00 GMT+0300 (East Africa Time)! Possible blocking IO or high CPU user at the same process used by node-cron.
Running monthly cleanup cycle checking for expirations...
[2026-04-25T10:40:40.318Z] [PID: 3052] [32m[NODE-CRON][32m [33m[WARN][0m missed execution at Sat Apr 25 2026 13:40:00 GMT+0300 (East Africa Time)! Possible blocking IO or high CPU user at the same process used by node-cron.
Running monthly cleanup cycle checking for expirations...
[2026-04-25T10:42:25.220Z] [PID: 3052] [32m[NODE-CRON][32m [33m[WARN][0m missed execution at Sat Apr 25 2026 13:42:00 GMT+0300 (East Africa Time)! Possible blocking IO or high CPU user at the same process used by node-cron.
[2026-04-25T10:44:25.765Z] [PID: 3052] [32m[NODE-CRON][32m [33m[WARN][0m missed execution at Sat Apr 25 2026 13:43:00 GMT+0300 (East Africa Time)! Possible blocking IO or high CPU user at the same process used by node-cron.
[2026-04-25T10:44:25.770Z] [PID: 3052] [32m[NODE-CRON][32m [33m[WARN][0m missed execution at Sat Apr 25 2026 13:44:00 GMT+0300 (East Africa Time)! Possible blocking IO or high CPU user at the same process used by node-cron.
[2026-04-25T10:47:26.781Z] [PID: 3052] [32m[NODE-CRON][32m [33m[WARN][0m missed execution at Sat Apr 25 2026 13:45:00 GMT+0300 (East Africa Time)! Possible blocking IO or high CPU user at the same process used by node-cron.
[2026-04-25T10:47:26.784Z] [PID: 3052] [32m[NODE-CRON][32m [33m[WARN][0m missed execution at Sat Apr 25 2026 13:46:00 GMT+0300 (East Africa Time)! Possible blocking IO or high CPU user at the same process used by node-cron.
[2026-04-25T10:47:26.787Z] [PID: 3052] [32m[NODE-CRON][32m [33m[WARN][0m missed execution at Sat Apr 25 2026 13:47:00 GMT+0300 (East Africa Time)! Possible blocking IO or high CPU user at the same process used by node-cron.
[2026-04-25T10:52:22.757Z] [PID: 3052] [32m[NODE-CRON][32m [33m[WARN][0m missed execution at Sat Apr 25 2026 13:48:00 GMT+0300 (East Africa Time)! Possible blocking IO or high CPU user at the same process used by node-cron.
[2026-04-25T10:52:22.762Z] [PID: 3052] [32m[NODE-CRON][32m [33m[WARN][0m missed execution at Sat Apr 25 2026 13:49:00 GMT+0300 (East Africa Time)! Possible blocking IO or high CPU user at the same process used by node-cron.
[2026-04-25T10:52:22.765Z] [PID: 3052] [32m[NODE-CRON][32m [33m[WARN][0m missed execution at Sat Apr 25 2026 13:50:00 GMT+0300 (East Africa Time)! Possible blocking IO or high CPU user at the same process used by node-cron.
[2026-04-25T10:52:22.767Z] [PID: 3052] [32m[NODE-CRON][32m [33m[WARN][0m missed execution at Sat Apr 25 2026 13:51:00 GMT+0300 (East Africa Time)! Possible blocking IO or high CPU user at the same process used by node-cron.
[2026-04-25T10:52:22.770Z] [PID: 3052] [32m[NODE-CRON][32m [33m[WARN][0m missed execution at Sat Apr 25 2026 13:52:00 GMT+0300 (East Africa Time)! Possible blocking IO or high CPU user at the same process used by node-cron.
[2026-04-25T11:07:49.721Z] [PID: 3052] [32m[NODE-CRON][32m [33m[WARN][0m missed execution at Sat Apr 25 2026 13:53:00 GMT+0300 (East Africa Time)! Possible blocking IO or high CPU user at the same process used by node-cron.
[2026-04-25T11:07:49.728Z] [PID: 3052] [32m[NODE-CRON][32m [33m[WARN][0m missed execution at Sat Apr 25 2026 13:54:00 GMT+0300 (East Africa Time)! Possible blocking IO or high CPU user at the same process used by node-cron.
[2026-04-25T11:07:49.734Z] [PID: 3052] [32m[NODE-CRON][32m [33m[WARN][0m missed execution at Sat Apr 25 2026 13:55:00 GMT+0300 (East Africa Time)! Possible blocking IO or high CPU user at the same process used by node-cron.
[2026-04-25T11:07:49.741Z] [PID: 3052] [32m[NODE-CRON][32m [33m[WARN][0m missed execution at Sat Apr 25 2026 13:56:00 GMT+0300 (East Africa Time)! Possible blocking IO or high CPU user at the same process used by node-cron.
[2026-04-25T11:07:49.752Z] [PID: 3052] [32m[NODE-CRON][32m [33m[WARN][0m missed execution at Sat Apr 25 2026 13:57:00 GMT+0300 (East Africa Time)! Possible blocking IO or high CPU user at the same process used by node-cron.
[2026-04-25T11:07:49.759Z] [PID: 3052] [32m[NODE-CRON][32m [33m[WARN][0m missed execution at Sat Apr 25 2026 13:58:00 GMT+0300 (East Africa Time)! Possible blocking IO or high CPU user at the same process used by node-cron.
[2026-04-25T11:07:49.767Z] [PID: 3052] [32m[NODE-CRON][32m [33m[WARN][0m missed execution at Sat Apr 25 2026 13:59:00 GMT+0300 (East Africa Time)! Possible blocking IO or high CPU user at the same process used by node-cron.
[2026-04-25T11:07:49.779Z] [PID: 3052] [32m[NODE-CRON][32m [33m[WARN][0m missed execution at Sat Apr 25 2026 14:00:00 GMT+0300 (East Africa Time)! Possible blocking IO or high CPU user at the same process used by node-cron.
[2026-04-25T11:07:49.789Z] [PID: 3052] [32m[NODE-CRON][32m [33m[WARN][0m missed execution at Sat Apr 25 2026 14:01:00 GMT+0300 (East Africa Time)! Possible blocking IO or high CPU user at the same process used by node-cron.
[2026-04-25T11:07:49.798Z] [PID: 3052] [32m[NODE-CRON][32m [33m[WARN][0m missed execution at Sat Apr 25 2026 14:02:00 GMT+0300 (East Africa Time)! Possible blocking IO or high CPU user at the same process used by node-cron.
[2026-04-25T11:07:49.805Z] [PID: 3052] [32m[NODE-CRON][32m [33m[WARN][0m missed execution at Sat Apr 25 2026 14:03:00 GMT+0300 (East Africa Time)! Possible blocking IO or high CPU user at the same process used by node-cron.
[2026-04-25T11:07:49.817Z] [PID: 3052] [32m[NODE-CRON][32m [33m[WARN][0m missed execution at Sat Apr 25 2026 14:04:00 GMT+0300 (East Africa Time)! Possible blocking IO or high CPU user at the same process used by node-cron.
[2026-04-25T11:07:49.832Z] [PID: 3052] [32m[NODE-CRON][32m [33m[WARN][0m missed execution at Sat Apr 25 2026 14:05:00 GMT+0300 (East Africa Time)! Possible blocking IO or high CPU user at the same process used by node-cron.
[2026-04-25T11:07:49.844Z] [PID: 3052] [32m[NODE-CRON][32m [33m[WARN][0m missed execution at Sat Apr 25 2026 14:06:00 GMT+0300 (East Africa Time)! Possible blocking IO or high CPU user at the same process used by node-cron.
[2026-04-25T11:07:49.863Z] [PID: 3052] [32m[NODE-CRON][32m [33m[WARN][0m missed execution at Sat Apr 25 2026 14:07:00 GMT+0300 (East Africa Time)! Possible blocking IO or high CPU user at the same process used by node-cron.
[2026-04-25T11:08:01.974Z] [PID: 3052] [32m[NODE-CRON][32m [33m[WARN][0m missed execution at Sat Apr 25 2026 14:08:00 GMT+0300 (East Africa Time)! Possible blocking IO or high CPU user at the same process used by node-cron.
[2026-04-25T11:16:29.327Z] [PID: 3052] [32m[NODE-CRON][32m [33m[WARN][0m missed execution at Sat Apr 25 2026 14:09:00 GMT+0300 (East Africa Time)! Possible blocking IO or high CPU user at the same process used by node-cron.
[2026-04-25T11:16:29.336Z] [PID: 3052] [32m[NODE-CRON][32m [33m[WARN][0m missed execution at Sat Apr 25 2026 14:10:00 GMT+0300 (East Africa Time)! Possible blocking IO or high CPU user at the same process used by node-cron.
[2026-04-25T11:16:29.341Z] [PID: 3052] [32m[NODE-CRON][32m [33m[WARN][0m missed execution at Sat Apr 25 2026 14:11:00 GMT+0300 (East Africa Time)! Possible blocking IO or high CPU user at the same process used by node-cron.
[2026-04-25T11:16:29.348Z] [PID: 3052] [32m[NODE-CRON][32m [33m[WARN][0m missed execution at Sat Apr 25 2026 14:12:00 GMT+0300 (East Africa Time)! Possible blocking IO or high CPU user at the same process used by node-cron.
[2026-04-25T11:16:29.353Z] [PID: 3052] [32m[NODE-CRON][32m [33m[WARN][0m missed execution at Sat Apr 25 2026 14:13:00 GMT+0300 (East Africa Time)! Possible blocking IO or high CPU user at the same process used by node-cron.
[2026-04-25T11:16:29.359Z] [PID: 3052] [32m[NODE-CRON][32m [33m[WARN][0m missed execution at Sat Apr 25 2026 14:14:00 GMT+0300 (East Africa Time)! Possible blocking IO or high CPU user at the same process used by node-cron.
[2026-04-25T11:16:29.367Z] [PID: 3052] [32m[NODE-CRON][32m [33m[WARN][0m missed execution at Sat Apr 25 2026 14:15:00 GMT+0300 (East Africa Time)! Possible blocking IO or high CPU user at the same process used by node-cron.
[2026-04-25T11:16:29.373Z] [PID: 3052] [32m[NODE-CRON][32m [33m[WARN][0m missed execution at Sat Apr 25 2026 14:16:00 GMT+0300 (East Africa Time)! Possible blocking IO or high CPU user at the same process used by node-cron.
[2026-04-25T11:24:15.870Z] [PID: 3052] [32m[NODE-CRON][32m [33m[WARN][0m missed execution at Sat Apr 25 2026 14:17:00 GMT+0300 (East Africa Time)! Possible blocking IO or high CPU user at the same process used by node-cron.
[2026-04-25T11:24:15.876Z] [PID: 3052] [32m[NODE-CRON][32m [33m[WARN][0m missed execution at Sat Apr 25 2026 14:18:00 GMT+0300 (East Africa Time)! Possible blocking IO or high CPU user at the same process used by node-cron.
[2026-04-25T11:24:15.881Z] [PID: 3052] [32m[NODE-CRON][32m [33m[WARN][0m missed execution at Sat Apr 25 2026 14:19:00 GMT+0300 (East Africa Time)! Possible blocking IO or high CPU user at the same process used by node-cron.
[2026-04-25T11:24:15.891Z] [PID: 3052] [32m[NODE-CRON][32m [33m[WARN][0m missed execution at Sat Apr 25 2026 14:20:00 GMT+0300 (East Africa Time)! Possible blocking IO or high CPU user at the same process used by node-cron.
[2026-04-25T11:24:15.897Z] [PID: 3052] [32m[NODE-CRON][32m [33m[WARN][0m missed execution at Sat Apr 25 2026 14:21:00 GMT+0300 (East Africa Time)! Possible blocking IO or high CPU user at the same process used by node-cron.
[2026-04-25T11:24:15.903Z] [PID: 3052] [32m[NODE-CRON][32m [33m[WARN][0m missed execution at Sat Apr 25 2026 14:22:00 GMT+0300 (East Africa Time)! Possible blocking IO or high CPU user at the same process used by node-cron.
[2026-04-25T11:24:15.908Z] [PID: 3052] [32m[NODE-CRON][32m [33m[WARN][0m missed execution at Sat Apr 25 2026 14:23:00 GMT+0300 (East Africa Time)! Possible blocking IO or high CPU user at the same process used by node-cron.
[2026-04-25T11:24:15.914Z] [PID: 3052] [32m[NODE-CRON][32m [33m[WARN][0m missed execution at Sat Apr 25 2026 14:24:00 GMT+0300 (East Africa Time)! Possible blocking IO or high CPU user at the same process used by node-cron.
[2026-04-25T11:35:00.225Z] [PID: 3052] [32m[NODE-CRON][32m [33m[WARN][0m missed execution at Sat Apr 25 2026 14:25:00 GMT+0300 (East Africa Time)! Possible blocking IO or high CPU user at the same process used by node-cron.
[2026-04-25T11:35:00.231Z] [PID: 3052] [32m[NODE-CRON][32m [33m[WARN][0m missed execution at Sat Apr 25 2026 14:26:00 GMT+0300 (East Africa Time)! Possible blocking IO or high CPU user at the same process used by node-cron.
[2026-04-25T11:35:00.237Z] [PID: 3052] [32m[NODE-CRON][32m [33m[WARN][0m missed execution at Sat Apr 25 2026 14:27:00 GMT+0300 (East Africa Time)! Possible blocking IO or high CPU user at the same process used by node-cron.
[2026-04-25T11:35:00.243Z] [PID: 3052] [32m[NODE-CRON][32m [33m[WARN][0m missed execution at Sat Apr 25 2026 14:28:00 GMT+0300 (East Africa Time)! Possible blocking IO or high CPU user at the same process used by node-cron.
[2026-04-25T11:35:00.249Z] [PID: 3052] [32m[NODE-CRON][32m [33m[WARN][0m missed execution at Sat Apr 25 2026 14:29:00 GMT+0300 (East Africa Time)! Possible blocking IO or high CPU user at the same process used by node-cron.
[2026-04-25T11:35:00.258Z] [PID: 3052] [32m[NODE-CRON][32m [33m[WARN][0m missed execution at Sat Apr 25 2026 14:30:00 GMT+0300 (East Africa Time)! Possible blocking IO or high CPU user at the same process used by node-cron.
[2026-04-25T11:35:00.264Z] [PID: 3052] [32m[NODE-CRON][32m [33m[WARN][0m missed execution at Sat Apr 25 2026 14:31:00 GMT+0300 (East Africa Time)! Possible blocking IO or high CPU user at the same process used by node-cron.
[2026-04-25T11:35:00.271Z] [PID: 3052] [32m[NODE-CRON][32m [33m[WARN][0m missed execution at Sat Apr 25 2026 14:32:00 GMT+0300 (East Africa Time)! Possible blocking IO or high CPU user at the same process used by node-cron.
[2026-04-25T11:35:00.276Z] [PID: 3052] [32m[NODE-CRON][32m [33m[WARN][0m missed execution at Sat Apr 25 2026 14:33:00 GMT+0300 (East Africa Time)! Possible blocking IO or high CPU user at the same process used by node-cron.
[2026-04-25T11:35:00.282Z] [PID: 3052] [32m[NODE-CRON][32m [33m[WARN][0m missed execution at Sat Apr 25 2026 14:34:00 GMT+0300 (East Africa Time)! Possible blocking IO or high CPU user at the same process used by node-cron.
Running monthly cleanup cycle checking for expirations...
Running monthly cleanup cycle checking for expirations...
Running monthly cleanup cycle checking for expirations...
[2026-04-25T11:59:31.022Z] [PID: 3052] [32m[NODE-CRON][32m [33m[WARN][0m missed execution at Sat Apr 25 2026 14:38:00 GMT+0300 (East Africa Time)! Possible blocking IO or high CPU user at the same process used by node-cron.
[2026-04-25T11:59:31.383Z] [PID: 3052] [32m[NODE-CRON][32m [33m[WARN][0m missed execution at Sat Apr 25 2026 14:39:00 GMT+0300 (East Africa Time)! Possible blocking IO or high CPU user at the same process used by node-cron.
[2026-04-25T11:59:31.421Z] [PID: 3052] [32m[NODE-CRON][32m [33m[WARN][0m missed execution at Sat Apr 25 2026 14:40:00 GMT+0300 (East Africa Time)! Possible blocking IO or high CPU user at the same process used by node-cron.
[2026-04-25T11:59:31.433Z] [PID: 3052] [32m[NODE-CRON][32m [33m[WARN][0m missed execution at Sat Apr 25 2026 14:41:00 GMT+0300 (East Africa Time)! Possible blocking IO or high CPU user at the same process used by node-cron.
[2026-04-25T11:59:31.454Z] [PID: 3052] [32m[NODE-CRON][32m [33m[WARN][0m missed execution at Sat Apr 25 2026 14:42:00 GMT+0300 (East Africa Time)! Possible blocking IO or high CPU user at the same process used by node-cron.
[2026-04-25T11:59:31.484Z] [PID: 3052] [32m[NODE-CRON][32m [33m[WARN][0m missed execution at Sat Apr 25 2026 14:43:00 GMT+0300 (East Africa Time)! Possible blocking IO or high CPU user at the same process used by node-cron.
[2026-04-25T11:59:31.488Z] [PID: 3052] [32m[NODE-CRON][32m [33m[WARN][0m missed execution at Sat Apr 25 2026 14:44:00 GMT+0300 (East Africa Time)! Possible blocking IO or high CPU user at the same process used by node-cron.
[2026-04-25T11:59:31.495Z] [PID: 3052] [32m[NODE-CRON][32m [33m[WARN][0m missed execution at Sat Apr 25 2026 14:45:00 GMT+0300 (East Africa Time)! Possible blocking IO or high CPU user at the same process used by node-cron.
[2026-04-25T11:59:31.501Z] [PID: 3052] [32m[NODE-CRON][32m [33m[WARN][0m missed execution at Sat Apr 25 2026 14:46:00 GMT+0300 (East Africa Time)! Possible blocking IO or high CPU user at the same process used by node-cron.
[2026-04-25T11:59:31.504Z] [PID: 3052] [32m[NODE-CRON][32m [33m[WARN][0m missed execution at Sat Apr 25 2026 14:47:00 GMT+0300 (East Africa Time)! Possible blocking IO or high CPU user at the same process used by node-cron.
[2026-04-25T11:59:31.507Z] [PID: 3052] [32m[NODE-CRON][32m [33m[WARN][0m missed execution at Sat Apr 25 2026 14:48:00 GMT+0300 (East Africa Time)! Possible blocking IO or high CPU user at the same process used by node-cron.
[2026-04-25T11:59:31.509Z] [PID: 3052] [32m[NODE-CRON][32m [33m[WARN][0m missed execution at Sat Apr 25 2026 14:49:00 GMT+0300 (East Africa Time)! Possible blocking IO or high CPU user at the same process used by node-cron.
[2026-04-25T11:59:31.514Z] [PID: 3052] [32m[NODE-CRON][32m [33m[WARN][0m missed execution at Sat Apr 25 2026 14:50:00 GMT+0300 (East Africa Time)! Possible blocking IO or high CPU user at the same process used by node-cron.
[2026-04-25T11:59:31.522Z] [PID: 3052] [32m[NODE-CRON][32m [33m[WARN][0m missed execution at Sat Apr 25 2026 14:51:00 GMT+0300 (East Africa Time)! Possible blocking IO or high CPU user at the same process used by node-cron.
[2026-04-25T11:59:31.526Z] [PID: 3052] [32m[NODE-CRON][32m [33m[WARN][0m missed execution at Sat Apr 25 2026 14:52:00 GMT+0300 (East Africa Time)! Possible blocking IO or high CPU user at the same process used by node-cron.
[2026-04-25T11:59:31.529Z] [PID: 3052] [32m[NODE-CRON][32m [33m[WARN][0m missed execution at Sat Apr 25 2026 14:53:00 GMT+0300 (East Africa Time)! Possible blocking IO or high CPU user at the same process used by node-cron.
[2026-04-25T11:59:31.534Z] [PID: 3052] [32m[NODE-CRON][32m [33m[WARN][0m missed execution at Sat Apr 25 2026 14:54:00 GMT+0300 (East Africa Time)! Possible blocking IO or high CPU user at the same process used by node-cron.
[2026-04-25T11:59:31.545Z] [PID: 3052] [32m[NODE-CRON][32m [33m[WARN][0m missed execution at Sat Apr 25 2026 14:55:00 GMT+0300 (East Africa Time)! Possible blocking IO or high CPU user at the same process used by node-cron.
[2026-04-25T11:59:31.555Z] [PID: 3052] [32m[NODE-CRON][32m [33m[WARN][0m missed execution at Sat Apr 25 2026 14:56:00 GMT+0300 (East Africa Time)! Possible blocking IO or high CPU user at the same process used by node-cron.
[2026-04-25T11:59:31.559Z] [PID: 3052] [32m[NODE-CRON][32m [33m[WARN][0m missed execution at Sat Apr 25 2026 14:57:00 GMT+0300 (East Africa Time)! Possible blocking IO or high CPU user at the same process used by node-cron.
[2026-04-25T11:59:31.562Z] [PID: 3052] [32m[NODE-CRON][32m [33m[WARN][0m missed execution at Sat Apr 25 2026 14:58:00 GMT+0300 (East Africa Time)! Possible blocking IO or high CPU user at the same process used by node-cron.
[2026-04-25T11:59:31.565Z] [PID: 3052] [32m[NODE-CRON][32m [33m[WARN][0m missed execution at Sat Apr 25 2026 14:59:00 GMT+0300 (East Africa Time)! Possible blocking IO or high CPU user at the same process used by node-cron.
Running monthly cleanup cycle checking for expirations...
Cleanup Error: {
  message: 'TypeError: fetch failed',
  details: 'TypeError: fetch failed\n' +
    '\n' +
    'Caused by: ConnectTimeoutError: Connect Timeout Error (attempted addresses: 172.64.149.246:443, 104.18.38.10:443, timeout: 10000ms) (UND_ERR_CONNECT_TIMEOUT)\n' +
    'ConnectTimeoutError: Connect Timeout Error (attempted addresses: 172.64.149.246:443, 104.18.38.10:443, timeout: 10000ms)\n' +
    '    at onConnectTimeout (node:internal/deps/undici/undici:1946:23)\n' +
    '    at Immediate._onImmediate (node:internal/deps/undici/undici:1927:11)\n' +
    '    at process.processImmediate (node:internal/timers:504:21)',
  hint: '',
  code: ''
}
Running monthly cleanup cycle checking for expirations...
[2026-04-25T12:02:16.433Z] [PID: 3052] [32m[NODE-CRON][32m [33m[WARN][0m missed execution at Sat Apr 25 2026 15:02:00 GMT+0300 (East Africa Time)! Possible blocking IO or high CPU user at the same process used by node-cron.
Running monthly cleanup cycle checking for expirations...
[2026-04-25T12:10:29.015Z] [PID: 3052] [32m[NODE-CRON][32m [33m[WARN][0m missed execution at Sat Apr 25 2026 15:04:00 GMT+0300 (East Africa Time)! Possible blocking IO or high CPU user at the same process used by node-cron.
[2026-04-25T12:10:29.054Z] [PID: 3052] [32m[NODE-CRON][32m [33m[WARN][0m missed execution at Sat Apr 25 2026 15:05:00 GMT+0300 (East Africa Time)! Possible blocking IO or high CPU user at the same process used by node-cron.
[2026-04-25T12:10:29.148Z] [PID: 3052] [32m[NODE-CRON][32m [33m[WARN][0m missed execution at Sat Apr 25 2026 15:06:00 GMT+0300 (East Africa Time)! Possible blocking IO or high CPU user at the same process used by node-cron.
[2026-04-25T12:10:29.158Z] [PID: 3052] [32m[NODE-CRON][32m [33m[WARN][0m missed execution at Sat Apr 25 2026 15:07:00 GMT+0300 (East Africa Time)! Possible blocking IO or high CPU user at the same process used by node-cron.
[2026-04-25T12:10:29.167Z] [PID: 3052] [32m[NODE-CRON][32m [33m[WARN][0m missed execution at Sat Apr 25 2026 15:08:00 GMT+0300 (East Africa Time)! Possible blocking IO or high CPU user at the same process used by node-cron.
[2026-04-25T12:10:29.175Z] [PID: 3052] [32m[NODE-CRON][32m [33m[WARN][0m missed execution at Sat Apr 25 2026 15:09:00 GMT+0300 (East Africa Time)! Possible blocking IO or high CPU user at the same process used by node-cron.
[2026-04-25T12:10:29.186Z] [PID: 3052] [32m[NODE-CRON][32m [33m[WARN][0m missed execution at Sat Apr 25 2026 15:10:00 GMT+0300 (East Africa Time)! Possible blocking IO or high CPU user at the same process used by node-cron.
Cleanup Error: {
  message: 'TypeError: fetch failed',
  details: 'TypeError: fetch failed\n' +
    '\n' +
    'Caused by: ConnectTimeoutError: Connect Timeout Error (attempted address: lyzjtjawcqwotnajwrrr.supabase.co:443, timeout: 10000ms) (UND_ERR_CONNECT_TIMEOUT)\n' +
    'ConnectTimeoutError: Connect Timeout Error (attempted address: lyzjtjawcqwotnajwrrr.supabase.co:443, timeout: 10000ms)\n' +
    '    at onConnectTimeout (node:internal/deps/undici/undici:1946:23)\n' +
    '    at Immediate._onImmediate (node:internal/deps/undici/undici:1927:11)\n' +
    '    at process.processImmediate (node:internal/timers:504:21)',
  hint: '',
  code: ''
}
Running monthly cleanup cycle checking for expirations...
Cleanup Error: {
  message: 'TypeError: fetch failed',
  details: 'TypeError: fetch failed\n' +
    '\n' +
    'Caused by: ConnectTimeoutError: Connect Timeout Error (attempted address: lyzjtjawcqwotnajwrrr.supabase.co:443, timeout: 10000ms) (UND_ERR_CONNECT_TIMEOUT)\n' +
    'ConnectTimeoutError: Connect Timeout Error (attempted address: lyzjtjawcqwotnajwrrr.supabase.co:443, timeout: 10000ms)\n' +
    '    at onConnectTimeout (node:internal/deps/undici/undici:1946:23)\n' +
    '    at Immediate._onImmediate (node:internal/deps/undici/undici:1927:11)\n' +
    '    at process.processImmediate (node:internal/timers:504:21)',
  hint: '',
  code: ''
}
Running monthly cleanup cycle checking for expirations...
Cleanup Error: {
  message: 'TypeError: fetch failed',
  details: 'TypeError: fetch failed\n' +
    '\n' +
    'Caused by: ConnectTimeoutError: Connect Timeout Error (attempted address: lyzjtjawcqwotnajwrrr.supabase.co:443, timeout: 10000ms) (UND_ERR_CONNECT_TIMEOUT)\n' +
    'ConnectTimeoutError: Connect Timeout Error (attempted address: lyzjtjawcqwotnajwrrr.supabase.co:443, timeout: 10000ms)\n' +
    '    at onConnectTimeout (node:internal/deps/undici/undici:1946:23)\n' +
    '    at Immediate._onImmediate (node:internal/deps/undici/undici:1927:11)\n' +
    '    at process.processImmediate (node:internal/timers:504:21)',
  hint: '',
  code: ''
}
Running monthly cleanup cycle checking for expirations...
Cleanup Error: {
  message: 'TypeError: fetch failed',
  details: 'TypeError: fetch failed\n' +
    '\n' +
    'Caused by: Error: getaddrinfo ENOTFOUND lyzjtjawcqwotnajwrrr.supabase.co (ENOTFOUND)\n' +
    'Error: getaddrinfo ENOTFOUND lyzjtjawcqwotnajwrrr.supabase.co\n' +
    '    at GetAddrInfoReqWrap.onlookupall [as oncomplete] (node:dns:122:26)',
  hint: '',
  code: ''
}
Running monthly cleanup cycle checking for expirations...
[2026-04-25T13:07:57.845Z] [PID: 3052] [32m[NODE-CRON][32m [33m[WARN][0m missed execution at Sat Apr 25 2026 15:15:00 GMT+0300 (East Africa Time)! Possible blocking IO or high CPU user at the same process used by node-cron.
[2026-04-25T13:07:57.864Z] [PID: 3052] [32m[NODE-CRON][32m [33m[WARN][0m missed execution at Sat Apr 25 2026 15:16:00 GMT+0300 (East Africa Time)! Possible blocking IO or high CPU user at the same process used by node-cron.
[2026-04-25T13:07:57.881Z] [PID: 3052] [32m[NODE-CRON][32m [33m[WARN][0m missed execution at Sat Apr 25 2026 15:17:00 GMT+0300 (East Africa Time)! Possible blocking IO or high CPU user at the same process used by node-cron.
[2026-04-25T13:07:57.912Z] [PID: 3052] [32m[NODE-CRON][32m [33m[WARN][0m missed execution at Sat Apr 25 2026 15:18:00 GMT+0300 (East Africa Time)! Possible blocking IO or high CPU user at the same process used by node-cron.
[2026-04-25T13:07:57.946Z] [PID: 3052] [32m[NODE-CRON][32m [33m[WARN][0m missed execution at Sat Apr 25 2026 15:19:00 GMT+0300 (East Africa Time)! Possible blocking IO or high CPU user at the same process used by node-cron.
[2026-04-25T13:07:57.973Z] [PID: 3052] [32m[NODE-CRON][32m [33m[WARN][0m missed execution at Sat Apr 25 2026 15:20:00 GMT+0300 (East Africa Time)! Possible blocking IO or high CPU user at the same process used by node-cron.
[2026-04-25T13:07:58.049Z] [PID: 3052] [32m[NODE-CRON][32m [33m[WARN][0m missed execution at Sat Apr 25 2026 15:21:00 GMT+0300 (East Africa Time)! Possible blocking IO or high CPU user at the same process used by node-cron.
[2026-04-25T13:07:58.082Z] [PID: 3052] [32m[NODE-CRON][32m [33m[WARN][0m missed execution at Sat Apr 25 2026 15:22:00 GMT+0300 (East Africa Time)! Possible blocking IO or high CPU user at the same process used by node-cron.
[2026-04-25T13:07:58.143Z] [PID: 3052] [32m[NODE-CRON][32m [33m[WARN][0m missed execution at Sat Apr 25 2026 15:23:00 GMT+0300 (East Africa Time)! Possible blocking IO or high CPU user at the same process used by node-cron.
[2026-04-25T13:07:58.169Z] [PID: 3052] [32m[NODE-CRON][32m [33m[WARN][0m missed execution at Sat Apr 25 2026 15:24:00 GMT+0300 (East Africa Time)! Possible blocking IO or high CPU user at the same process used by node-cron.
[2026-04-25T13:07:58.183Z] [PID: 3052] [32m[NODE-CRON][32m [33m[WARN][0m missed execution at Sat Apr 25 2026 15:25:00 GMT+0300 (East Africa Time)! Possible blocking IO or high CPU user at the same process used by node-cron.
[2026-04-25T13:07:58.216Z] [PID: 3052] [32m[NODE-CRON][32m [33m[WARN][0m missed execution at Sat Apr 25 2026 15:26:00 GMT+0300 (East Africa Time)! Possible blocking IO or high CPU user at the same process used by node-cron.
[2026-04-25T13:07:58.234Z] [PID: 3052] [32m[NODE-CRON][32m [33m[WARN][0m missed execution at Sat Apr 25 2026 15:27:00 GMT+0300 (East Africa Time)! Possible blocking IO or high CPU user at the same process used by node-cron.
[2026-04-25T13:07:58.464Z] [PID: 3052] [32m[NODE-CRON][32m [33m[WARN][0m missed execution at Sat Apr 25 2026 15:28:00 GMT+0300 (East Africa Time)! Possible blocking IO or high CPU user at the same process used by node-cron.
[2026-04-25T13:07:58.488Z] [PID: 3052] [32m[NODE-CRON][32m [33m[WARN][0m missed execution at Sat Apr 25 2026 15:29:00 GMT+0300 (East Africa Time)! Possible blocking IO or high CPU user at the same process used by node-cron.
[2026-04-25T13:07:58.553Z] [PID: 3052] [32m[NODE-CRON][32m [33m[WARN][0m missed execution at Sat Apr 25 2026 15:30:00 GMT+0300 (East Africa Time)! Possible blocking IO or high CPU user at the same process used by node-cron.
[2026-04-25T13:07:58.582Z] [PID: 3052] [32m[NODE-CRON][32m [33m[WARN][0m missed execution at Sat Apr 25 2026 15:31:00 GMT+0300 (East Africa Time)! Possible blocking IO or high CPU user at the same process used by node-cron.
[2026-04-25T13:07:58.616Z] [PID: 3052] [32m[NODE-CRON][32m [33m[WARN][0m missed execution at Sat Apr 25 2026 15:32:00 GMT+0300 (East Africa Time)! Possible blocking IO or high CPU user at the same process used by node-cron.
[2026-04-25T13:07:58.636Z] [PID: 3052] [32m[NODE-CRON][32m [33m[WARN][0m missed execution at Sat Apr 25 2026 15:33:00 GMT+0300 (East Africa Time)! Possible blocking IO or high CPU user at the same process used by node-cron.
[2026-04-25T13:07:58.651Z] [PID: 3052] [32m[NODE-CRON][32m [33m[WARN][0m missed execution at Sat Apr 25 2026 15:34:00 GMT+0300 (East Africa Time)! Possible blocking IO or high CPU user at the same process used by node-cron.
[2026-04-25T13:07:58.669Z] [PID: 3052] [32m[NODE-CRON][32m [33m[WARN][0m missed execution at Sat Apr 25 2026 15:35:00 GMT+0300 (East Africa Time)! Possible blocking IO or high CPU user at the same process used by node-cron.
[2026-04-25T13:07:58.686Z] [PID: 3052] [32m[NODE-CRON][32m [33m[WARN][0m missed execution at Sat Apr 25 2026 15:36:00 GMT+0300 (East Africa Time)! Possible blocking IO or high CPU user at the same process used by node-cron.
[2026-04-25T13:07:58.699Z] [PID: 3052] [32m[NODE-CRON][32m [33m[WARN][0m missed execution at Sat Apr 25 2026 15:37:00 GMT+0300 (East Africa Time)! Possible blocking IO or high CPU user at the same process used by node-cron.
[2026-04-25T13:07:58.718Z] [PID: 3052] [32m[NODE-CRON][32m [33m[WARN][0m missed execution at Sat Apr 25 2026 15:38:00 GMT+0300 (East Africa Time)! Possible blocking IO or high CPU user at the same process used by node-cron.
[2026-04-25T13:07:58.746Z] [PID: 3052] [32m[NODE-CRON][32m [33m[WARN][0m missed execution at Sat Apr 25 2026 15:39:00 GMT+0300 (East Africa Time)! Possible blocking IO or high CPU user at the same process used by node-cron.
[2026-04-25T13:07:58.785Z] [PID: 3052] [32m[NODE-CRON][32m [33m[WARN][0m missed execution at Sat Apr 25 2026 15:40:00 GMT+0300 (East Africa Time)! Possible blocking IO or high CPU user at the same process used by node-cron.
[2026-04-25T13:07:58.798Z] [PID: 3052] [32m[NODE-CRON][32m [33m[WARN][0m missed execution at Sat Apr 25 2026 15:41:00 GMT+0300 (East Africa Time)! Possible blocking IO or high CPU user at the same process used by node-cron.
[2026-04-25T13:07:58.814Z] [PID: 3052] [32m[NODE-CRON][32m [33m[WARN][0m missed execution at Sat Apr 25 2026 15:42:00 GMT+0300 (East Africa Time)! Possible blocking IO or high CPU user at the same process used by node-cron.
[2026-04-25T13:07:58.846Z] [PID: 3052] [32m[NODE-CRON][32m [33m[WARN][0m missed execution at Sat Apr 25 2026 15:43:00 GMT+0300 (East Africa Time)! Possible blocking IO or high CPU user at the same process used by node-cron.
[2026-04-25T13:07:58.929Z] [PID: 3052] [32m[NODE-CRON][32m [33m[WARN][0m missed execution at Sat Apr 25 2026 15:44:00 GMT+0300 (East Africa Time)! Possible blocking IO or high CPU user at the same process used by node-cron.
[2026-04-25T13:07:58.949Z] [PID: 3052] [32m[NODE-CRON][32m [33m[WARN][0m missed execution at Sat Apr 25 2026 15:45:00 GMT+0300 (East Africa Time)! Possible blocking IO or high CPU user at the same process used by node-cron.
[2026-04-25T13:07:58.977Z] [PID: 3052] [32m[NODE-CRON][32m [33m[WARN][0m missed execution at Sat Apr 25 2026 15:46:00 GMT+0300 (East Africa Time)! Possible blocking IO or high CPU user at the same process used by node-cron.
[2026-04-25T13:07:59.069Z] [PID: 3052] [32m[NODE-CRON][32m [33m[WARN][0m missed execution at Sat Apr 25 2026 15:47:00 GMT+0300 (East Africa Time)! Possible blocking IO or high CPU user at the same process used by node-cron.
[2026-04-25T13:07:59.093Z] [PID: 3052] [32m[NODE-CRON][32m [33m[WARN][0m missed execution at Sat Apr 25 2026 15:48:00 GMT+0300 (East Africa Time)! Possible blocking IO or high CPU user at the same process used by node-cron.
[2026-04-25T13:07:59.143Z] [PID: 3052] [32m[NODE-CRON][32m [33m[WARN][0m missed execution at Sat Apr 25 2026 15:49:00 GMT+0300 (East Africa Time)! Possible blocking IO or high CPU user at the same process used by node-cron.
[2026-04-25T13:07:59.168Z] [PID: 3052] [32m[NODE-CRON][32m [33m[WARN][0m missed execution at Sat Apr 25 2026 15:50:00 GMT+0300 (East Africa Time)! Possible blocking IO or high CPU user at the same process used by node-cron.
[2026-04-25T13:07:59.192Z] [PID: 3052] [32m[NODE-CRON][32m [33m[WARN][0m missed execution at Sat Apr 25 2026 15:51:00 GMT+0300 (East Africa Time)! Possible blocking IO or high CPU user at the same process used by node-cron.
[2026-04-25T13:07:59.213Z] [PID: 3052] [32m[NODE-CRON][32m [33m[WARN][0m missed execution at Sat Apr 25 2026 15:52:00 GMT+0300 (East Africa Time)! Possible blocking IO or high CPU user at the same process used by node-cron.
[2026-04-25T13:07:59.243Z] [PID: 3052] [32m[NODE-CRON][32m [33m[WARN][0m missed execution at Sat Apr 25 2026 15:53:00 GMT+0300 (East Africa Time)! Possible blocking IO or high CPU user at the same process used by node-cron.
[2026-04-25T13:07:59.308Z] [PID: 3052] [32m[NODE-CRON][32m [33m[WARN][0m missed execution at Sat Apr 25 2026 15:54:00 GMT+0300 (East Africa Time)! Possible blocking IO or high CPU user at the same process used by node-cron.
[2026-04-25T13:07:59.348Z] [PID: 3052] [32m[NODE-CRON][32m [33m[WARN][0m missed execution at Sat Apr 25 2026 15:55:00 GMT+0300 (East Africa Time)! Possible blocking IO or high CPU user at the same process used by node-cron.
[2026-04-25T13:07:59.841Z] [PID: 3052] [32m[NODE-CRON][32m [33m[WARN][0m missed execution at Sat Apr 25 2026 15:56:00 GMT+0300 (East Africa Time)! Possible blocking IO or high CPU user at the same process used by node-cron.
[2026-04-25T13:07:59.989Z] [PID: 3052] [32m[NODE-CRON][32m [33m[WARN][0m missed execution at Sat Apr 25 2026 15:57:00 GMT+0300 (East Africa Time)! Possible blocking IO or high CPU user at the same process used by node-cron.
[2026-04-25T13:08:00.110Z] [PID: 3052] [32m[NODE-CRON][32m [33m[WARN][0m missed execution at Sat Apr 25 2026 15:58:00 GMT+0300 (East Africa Time)! Possible blocking IO or high CPU user at the same process used by node-cron.
[2026-04-25T13:08:00.130Z] [PID: 3052] [32m[NODE-CRON][32m [33m[WARN][0m missed execution at Sat Apr 25 2026 15:59:00 GMT+0300 (East Africa Time)! Possible blocking IO or high CPU user at the same process used by node-cron.
[2026-04-25T13:08:00.220Z] [PID: 3052] [32m[NODE-CRON][32m [33m[WARN][0m missed execution at Sat Apr 25 2026 16:00:00 GMT+0300 (East Africa Time)! Possible blocking IO or high CPU user at the same process used by node-cron.
[2026-04-25T13:08:00.404Z] [PID: 3052] [32m[NODE-CRON][32m [33m[WARN][0m missed execution at Sat Apr 25 2026 16:01:00 GMT+0300 (East Africa Time)! Possible blocking IO or high CPU user at the same process used by node-cron.
[2026-04-25T13:08:00.427Z] [PID: 3052] [32m[NODE-CRON][32m [33m[WARN][0m missed execution at Sat Apr 25 2026 16:02:00 GMT+0300 (East Africa Time)! Possible blocking IO or high CPU user at the same process used by node-cron.
[2026-04-25T13:08:00.441Z] [PID: 3052] [32m[NODE-CRON][32m [33m[WARN][0m missed execution at Sat Apr 25 2026 16:03:00 GMT+0300 (East Africa Time)! Possible blocking IO or high CPU user at the same process used by node-cron.
[2026-04-25T13:08:00.463Z] [PID: 3052] [32m[NODE-CRON][32m [33m[WARN][0m missed execution at Sat Apr 25 2026 16:04:00 GMT+0300 (East Africa Time)! Possible blocking IO or high CPU user at the same process used by node-cron.
[2026-04-25T13:08:00.474Z] [PID: 3052] [32m[NODE-CRON][32m [33m[WARN][0m missed execution at Sat Apr 25 2026 16:05:00 GMT+0300 (East Africa Time)! Possible blocking IO or high CPU user at the same process used by node-cron.
[2026-04-25T13:08:00.490Z] [PID: 3052] [32m[NODE-CRON][32m [33m[WARN][0m missed execution at Sat Apr 25 2026 16:06:00 GMT+0300 (East Africa Time)! Possible blocking IO or high CPU user at the same process used by node-cron.
[2026-04-25T13:08:00.501Z] [PID: 3052] [32m[NODE-CRON][32m [33m[WARN][0m missed execution at Sat Apr 25 2026 16:07:00 GMT+0300 (East Africa Time)! Possible blocking IO or high CPU user at the same process used by node-cron.
Running monthly cleanup cycle checking for expirations...
Running monthly cleanup cycle checking for expirations...
[2026-04-25T13:10:27.369Z] [PID: 3052] [32m[NODE-CRON][32m [33m[WARN][0m missed execution at Sat Apr 25 2026 16:10:00 GMT+0300 (East Africa Time)! Possible blocking IO or high CPU user at the same process used by node-cron.
Running monthly cleanup cycle checking for expirations...
Running monthly cleanup cycle checking for expirations...
[2026-04-25T13:15:15.526Z] [PID: 3052] [32m[NODE-CRON][32m [33m[WARN][0m missed execution at Sat Apr 25 2026 16:13:00 GMT+0300 (East Africa Time)! Possible blocking IO or high CPU user at the same process used by node-cron.
[2026-04-25T13:15:15.565Z] [PID: 3052] [32m[NODE-CRON][32m [33m[WARN][0m missed execution at Sat Apr 25 2026 16:14:00 GMT+0300 (East Africa Time)! Possible blocking IO or high CPU user at the same process used by node-cron.
[2026-04-25T13:15:15.581Z] [PID: 3052] [32m[NODE-CRON][32m [33m[WARN][0m missed execution at Sat Apr 25 2026 16:15:00 GMT+0300 (East Africa Time)! Possible blocking IO or high CPU user at the same process used by node-cron.
[2026-04-25T13:16:29.093Z] [PID: 3052] [32m[NODE-CRON][32m [33m[WARN][0m missed execution at Sat Apr 25 2026 16:16:00 GMT+0300 (East Africa Time)! Possible blocking IO or high CPU user at the same process used by node-cron.
Running monthly cleanup cycle checking for expirations...
Running monthly cleanup cycle checking for expirations...
Running monthly cleanup cycle checking for expirations...
Running monthly cleanup cycle checking for expirations...
Running monthly cleanup cycle checking for expirations...
Cleanup Error: {
  message: 'TypeError: fetch failed',
  details: 'TypeError: fetch failed\n' +
    '\n' +
    'Caused by: AggregateError:  (ETIMEDOUT)\n' +
    'AggregateError [ETIMEDOUT]: \n' +
    '    at internalConnectMultiple (node:net:1134:18)\n' +
    '    at internalConnectMultiple (node:net:1210:5)\n' +
    '    at Timeout.internalConnectMultipleTimeout (node:net:1742:5)\n' +
    '    at listOnTimeout (node:internal/timers:607:11)\n' +
    '    at process.processTimers (node:internal/timers:541:7)',
  hint: '',
  code: ''
}
Running monthly cleanup cycle checking for expirations...
Running monthly cleanup cycle checking for expirations...
Cleanup Error: {
  message: 'TypeError: fetch failed',
  details: 'TypeError: fetch failed\n' +
    '\n' +
    'Caused by: Error: read ECONNRESET (ECONNRESET)\n' +
    'Error: read ECONNRESET\n' +
    '    at TLSWrap.onStreamRead (node:internal/stream_base_commons:216:20)',
  hint: '',
  code: ''
}
Running monthly cleanup cycle checking for expirations...
Running monthly cleanup cycle checking for expirations...
Running monthly cleanup cycle checking for expirations...
Running monthly cleanup cycle checking for expirations...
Running monthly cleanup cycle checking for expirations...
Running monthly cleanup cycle checking for expirations...
Cleanup Error: {
  message: 'TypeError: fetch failed',
  details: 'TypeError: fetch failed\n' +
    '\n' +
    'Caused by: Error: read ECONNRESET (ECONNRESET)\n' +
    'Error: read ECONNRESET\n' +
    '    at TLSWrap.onStreamRead (node:internal/stream_base_commons:216:20)',
  hint: '',
  code: ''
}
Running monthly cleanup cycle checking for expirations...
Running monthly cleanup cycle checking for expirations...
Cleanup Error: {
  message: 'TypeError: fetch failed',
  details: 'TypeError: fetch failed\n' +
    '\n' +
    'Caused by: ConnectTimeoutError: Connect Timeout Error (attempted addresses: 172.64.149.246:443, 104.18.38.10:443, timeout: 10000ms) (UND_ERR_CONNECT_TIMEOUT)\n' +
    'ConnectTimeoutError: Connect Timeout Error (attempted addresses: 172.64.149.246:443, 104.18.38.10:443, timeout: 10000ms)\n' +
    '    at onConnectTimeout (node:internal/deps/undici/undici:1946:23)\n' +
    '    at Immediate._onImmediate (node:internal/deps/undici/undici:1927:11)\n' +
    '    at process.processImmediate (node:internal/timers:504:21)',
  hint: '',
  code: ''
}
Running monthly cleanup cycle checking for expirations...
Running monthly cleanup cycle checking for expirations...
Running monthly cleanup cycle checking for expirations...
Running monthly cleanup cycle checking for expirations...
Running monthly cleanup cycle checking for expirations...
Running monthly cleanup cycle checking for expirations...
Running monthly cleanup cycle checking for expirations...
Running monthly cleanup cycle checking for expirations...
Running monthly cleanup cycle checking for expirations...
Running monthly cleanup cycle checking for expirations...
Running monthly cleanup cycle checking for expirations...
Running monthly cleanup cycle checking for expirations...
Running monthly cleanup cycle checking for expirations...
Running monthly cleanup cycle checking for expirations...
Running monthly cleanup cycle checking for expirations...
Running monthly cleanup cycle checking for expirations...
Running monthly cleanup cycle checking for expirations...
Running monthly cleanup cycle checking for expirations...
Running monthly cleanup cycle checking for expirations...
Running monthly cleanup cycle checking for expirations...
Running monthly cleanup cycle checking for expirations...
Running monthly cleanup cycle checking for expirations...
Running monthly cleanup cycle checking for expirations...
Running monthly cleanup cycle checking for expirations...
Running monthly cleanup cycle checking for expirations...
Running monthly cleanup cycle checking for expirations...
Running monthly cleanup cycle checking for expirations...
Running monthly cleanup cycle checking for expirations...
Running monthly cleanup cycle checking for expirations...
Running monthly cleanup cycle checking for expirations...
Running monthly cleanup cycle checking for expirations...
Running monthly cleanup cycle checking for expirations...
Running monthly cleanup cycle checking for expirations...
Running monthly cleanup cycle checking for expirations...
Running monthly cleanup cycle checking for expirations...
Running monthly cleanup cycle checking for expirations...
Running monthly cleanup cycle checking for expirations...
Running monthly cleanup cycle checking for expirations...
Running monthly cleanup cycle checking for expirations...
Running monthly cleanup cycle checking for expirations...
Running monthly cleanup cycle checking for expirations...
Running monthly cleanup cycle checking for expirations...
Running monthly cleanup cycle checking for expirations...
Running monthly cleanup cycle checking for expirations...
